0 info it worked if it ends with ok
1 verbose cli [ 'node',
1 verbose cli   '/usr/local/bin/npm',
1 verbose cli   'install',
1 verbose cli   '--save-dev',
1 verbose cli   'gulp-auto-prefixer' ]
2 info using npm@1.4.28
3 info using node@v0.10.32
4 verbose cache add [ 'gulp-auto-prefixer', null ]
5 verbose cache add name=undefined spec="gulp-auto-prefixer" args=["gulp-auto-prefixer",null]
6 verbose parsed url { protocol: null,
6 verbose parsed url   slashes: null,
6 verbose parsed url   auth: null,
6 verbose parsed url   host: null,
6 verbose parsed url   port: null,
6 verbose parsed url   hostname: null,
6 verbose parsed url   hash: null,
6 verbose parsed url   search: null,
6 verbose parsed url   query: null,
6 verbose parsed url   pathname: 'gulp-auto-prefixer',
6 verbose parsed url   path: 'gulp-auto-prefixer',
6 verbose parsed url   href: 'gulp-auto-prefixer' }
7 silly lockFile 63684438-gulp-auto-prefixer gulp-auto-prefixer
8 verbose lock gulp-auto-prefixer /Users/amorcito/.npm/63684438-gulp-auto-prefixer.lock
9 silly lockFile 63684438-gulp-auto-prefixer gulp-auto-prefixer
10 silly lockFile 63684438-gulp-auto-prefixer gulp-auto-prefixer
11 verbose addNamed [ 'gulp-auto-prefixer', '' ]
12 verbose addNamed [ null, '*' ]
13 silly lockFile edb16566-gulp-auto-prefixer gulp-auto-prefixer@
14 verbose lock gulp-auto-prefixer@ /Users/amorcito/.npm/edb16566-gulp-auto-prefixer.lock
15 silly addNameRange { name: 'gulp-auto-prefixer', range: '*', hasData: false }
16 verbose request where is /gulp-auto-prefixer
17 verbose request registry https://registry.npmjs.org/
18 verbose request id feb6c4551ecc97fe
19 verbose url raw /gulp-auto-prefixer
20 verbose url resolving [ 'https://registry.npmjs.org/', './gulp-auto-prefixer' ]
21 verbose url resolved https://registry.npmjs.org/gulp-auto-prefixer
22 verbose request where is https://registry.npmjs.org/gulp-auto-prefixer
23 info trying registry request attempt 1 at 20:44:18
24 http GET https://registry.npmjs.org/gulp-auto-prefixer
25 http 404 https://registry.npmjs.org/gulp-auto-prefixer
26 verbose headers { date: 'Mon, 01 Dec 2014 04:44:19 GMT',
26 verbose headers   server: 'CouchDB/1.5.0 (Erlang OTP/R16B03)',
26 verbose headers   'content-type': 'application/json',
26 verbose headers   'cache-control': 'max-age=0',
26 verbose headers   'content-length': '52',
26 verbose headers   'accept-ranges': 'bytes',
26 verbose headers   via: '1.1 varnish',
26 verbose headers   age: '0',
26 verbose headers   'x-served-by': 'cache-sjc3128-SJC',
26 verbose headers   'x-cache': 'MISS',
26 verbose headers   'x-cache-hits': '0',
26 verbose headers   'x-timer': 'S1417409059.072829,VS0,VE154',
26 verbose headers   'keep-alive': 'timeout=10, max=50',
26 verbose headers   connection: 'Keep-Alive' }
27 silly registry.get cb [ 404,
27 silly registry.get   { date: 'Mon, 01 Dec 2014 04:44:19 GMT',
27 silly registry.get     server: 'CouchDB/1.5.0 (Erlang OTP/R16B03)',
27 silly registry.get     'content-type': 'application/json',
27 silly registry.get     'cache-control': 'max-age=0',
27 silly registry.get     'content-length': '52',
27 silly registry.get     'accept-ranges': 'bytes',
27 silly registry.get     via: '1.1 varnish',
27 silly registry.get     age: '0',
27 silly registry.get     'x-served-by': 'cache-sjc3128-SJC',
27 silly registry.get     'x-cache': 'MISS',
27 silly registry.get     'x-cache-hits': '0',
27 silly registry.get     'x-timer': 'S1417409059.072829,VS0,VE154',
27 silly registry.get     'keep-alive': 'timeout=10, max=50',
27 silly registry.get     connection: 'Keep-Alive' } ]
28 silly lockFile edb16566-gulp-auto-prefixer gulp-auto-prefixer@
29 silly lockFile edb16566-gulp-auto-prefixer gulp-auto-prefixer@
30 error 404 404 Not Found: gulp-auto-prefixer
30 error 404
30 error 404 'gulp-auto-prefixer' is not in the npm registry.
30 error 404 You should bug the author to publish it
30 error 404
30 error 404 Note that you can also install from a
30 error 404 tarball, folder, or http url, or git url.
31 error System Darwin 14.0.0
32 error command "node" "/usr/local/bin/npm" "install" "--save-dev" "gulp-auto-prefixer"
33 error cwd /Users/amorcito/Documents/Websites/everythingseniorcitizen/wp-content/themes/explorable-child
34 error node -v v0.10.32
35 error npm -v 1.4.28
36 error code E404
37 verbose exit [ 1, true ]
